CRITICAL - 2022-01-23 08:21:41 --> Call to undefined function App\Controllers\Api\error_to_string()
#0 C:\wamp64\www\gestion_restaurant\system\CodeIgniter.php(825): App\Controllers\Api\Ingredient->add_ingredient()
#1 C:\wamp64\www\gestion_restaurant\system\CodeIgniter.php(412): CodeIgniter\CodeIgniter->runController(Object(App\Controllers\Api\Ingredient))
#2 C:\wamp64\www\gestion_restaurant\system\CodeIgniter.php(320): CodeIgniter\CodeIgniter->handleRequest(NULL, Object(Config\Cache), false)
#3 C:\wamp64\www\gestion_restaurant\public\index.php(37): CodeIgniter\CodeIgniter->run()
#4 {main}
CRITICAL - 2022-01-23 08:23:42 --> Call to undefined function App\Controllers\Api\error_to_string()
#0 C:\wamp64\www\gestion_restaurant\system\CodeIgniter.php(825): App\Controllers\Api\Ingredient->add_ingredient()
#1 C:\wamp64\www\gestion_restaurant\system\CodeIgniter.php(412): CodeIgniter\CodeIgniter->runController(Object(App\Controllers\Api\Ingredient))
#2 C:\wamp64\www\gestion_restaurant\system\CodeIgniter.php(320): CodeIgniter\CodeIgniter->handleRequest(NULL, Object(Config\Cache), false)
#3 C:\wamp64\www\gestion_restaurant\public\index.php(37): CodeIgniter\CodeIgniter->run()
#4 {main}
CRITICAL - 2022-01-23 08:40:51 --> Call to undefined function App\Controllers\Api\error_to_string()
#0 C:\wamp64\www\gestion_restaurant\system\CodeIgniter.php(825): App\Controllers\Api\Ingredient->add_ingredient()
#1 C:\wamp64\www\gestion_restaurant\system\CodeIgniter.php(412): CodeIgniter\CodeIgniter->runController(Object(App\Controllers\Api\Ingredient))
#2 C:\wamp64\www\gestion_restaurant\system\CodeIgniter.php(320): CodeIgniter\CodeIgniter->handleRequest(NULL, Object(Config\Cache), false)
#3 C:\wamp64\www\gestion_restaurant\public\index.php(37): CodeIgniter\CodeIgniter->run()
#4 {main}
CRITICAL - 2022-01-23 08:41:54 --> Call to undefined function App\Controllers\Api\error_to_string()
#0 C:\wamp64\www\gestion_restaurant\system\CodeIgniter.php(825): App\Controllers\Api\Ingredient->add_ingredient()
#1 C:\wamp64\www\gestion_restaurant\system\CodeIgniter.php(412): CodeIgniter\CodeIgniter->runController(Object(App\Controllers\Api\Ingredient))
#2 C:\wamp64\www\gestion_restaurant\system\CodeIgniter.php(320): CodeIgniter\CodeIgniter->handleRequest(NULL, Object(Config\Cache), false)
#3 C:\wamp64\www\gestion_restaurant\public\index.php(37): CodeIgniter\CodeIgniter->run()
#4 {main}
CRITICAL - 2022-01-23 08:42:18 --> Call to undefined function App\Controllers\Api\error_to_string()
#0 C:\wamp64\www\gestion_restaurant\system\CodeIgniter.php(825): App\Controllers\Api\Ingredient->add_ingredient()
#1 C:\wamp64\www\gestion_restaurant\system\CodeIgniter.php(412): CodeIgniter\CodeIgniter->runController(Object(App\Controllers\Api\Ingredient))
#2 C:\wamp64\www\gestion_restaurant\system\CodeIgniter.php(320): CodeIgniter\CodeIgniter->handleRequest(NULL, Object(Config\Cache), false)
#3 C:\wamp64\www\gestion_restaurant\public\index.php(37): CodeIgniter\CodeIgniter->run()
#4 {main}
CRITICAL - 2022-01-23 12:41:44 --> Object of class stdClass could not be converted to string
#0 [internal function]: CodeIgniter\Debug\Exceptions->errorHandler(4096, 'Object of class...', 'C:\\wamp64\\www\\g...', 318, Array)
#1 C:\wamp64\www\gestion_restaurant\system\Database\Query.php(318): strtr('INSERT INTO `el...', Array)
#2 C:\wamp64\www\gestion_restaurant\system\Database\Query.php(293): CodeIgniter\Database\Query->matchNamedBinds('INSERT INTO `el...', Array)
#3 C:\wamp64\www\gestion_restaurant\system\Database\Query.php(150): CodeIgniter\Database\Query->compileBinds()
#4 C:\wamp64\www\gestion_restaurant\system\Database\BaseConnection.php(598): CodeIgniter\Database\Query->getQuery()
#5 C:\wamp64\www\gestion_restaurant\system\Database\BaseBuilder.php(1771): CodeIgniter\Database\BaseConnection->query('INSERT INTO `el...', Array, false)
#6 C:\wamp64\www\gestion_restaurant\system\Model.php(239): CodeIgniter\Database\BaseBuilder->insert()
#7 C:\wamp64\www\gestion_restaurant\system\BaseModel.php(738): CodeIgniter\Model->doInsert(Array)
#8 C:\wamp64\www\gestion_restaurant\system\Model.php(625): CodeIgniter\BaseModel->insert(Array, true)
#9 C:\wamp64\www\gestion_restaurant\app\Controllers\Api\ElementNecessaire.php(40): CodeIgniter\Model->insert(Array)
#10 C:\wamp64\www\gestion_restaurant\system\CodeIgniter.php(825): App\Controllers\Api\ElementNecessaire->add_element_necessaire()
#11 C:\wamp64\www\gestion_restaurant\system\CodeIgniter.php(412): CodeIgniter\CodeIgniter->runController(Object(App\Controllers\Api\ElementNecessaire))
#12 C:\wamp64\www\gestion_restaurant\system\CodeIgniter.php(320): CodeIgniter\CodeIgniter->handleRequest(NULL, Object(Config\Cache), false)
#13 C:\wamp64\www\gestion_restaurant\public\index.php(37): CodeIgniter\CodeIgniter->run()
#14 {main}
CRITICAL - 2022-01-23 12:42:51 --> Object of class stdClass could not be converted to string
#0 [internal function]: CodeIgniter\Debug\Exceptions->errorHandler(4096, 'Object of class...', 'C:\\wamp64\\www\\g...', 318, Array)
#1 C:\wamp64\www\gestion_restaurant\system\Database\Query.php(318): strtr('INSERT INTO `el...', Array)
#2 C:\wamp64\www\gestion_restaurant\system\Database\Query.php(293): CodeIgniter\Database\Query->matchNamedBinds('INSERT INTO `el...', Array)
#3 C:\wamp64\www\gestion_restaurant\system\Database\Query.php(150): CodeIgniter\Database\Query->compileBinds()
#4 C:\wamp64\www\gestion_restaurant\system\Database\BaseConnection.php(598): CodeIgniter\Database\Query->getQuery()
#5 C:\wamp64\www\gestion_restaurant\system\Database\BaseBuilder.php(1771): CodeIgniter\Database\BaseConnection->query('INSERT INTO `el...', Array, false)
#6 C:\wamp64\www\gestion_restaurant\system\Model.php(239): CodeIgniter\Database\BaseBuilder->insert()
#7 C:\wamp64\www\gestion_restaurant\system\BaseModel.php(738): CodeIgniter\Model->doInsert(Array)
#8 C:\wamp64\www\gestion_restaurant\system\Model.php(625): CodeIgniter\BaseModel->insert(Array, true)
#9 C:\wamp64\www\gestion_restaurant\app\Controllers\Api\ElementNecessaire.php(40): CodeIgniter\Model->insert(Array)
#10 C:\wamp64\www\gestion_restaurant\system\CodeIgniter.php(825): App\Controllers\Api\ElementNecessaire->add_element_necessaire()
#11 C:\wamp64\www\gestion_restaurant\system\CodeIgniter.php(412): CodeIgniter\CodeIgniter->runController(Object(App\Controllers\Api\ElementNecessaire))
#12 C:\wamp64\www\gestion_restaurant\system\CodeIgniter.php(320): CodeIgniter\CodeIgniter->handleRequest(NULL, Object(Config\Cache), false)
#13 C:\wamp64\www\gestion_restaurant\public\index.php(37): CodeIgniter\CodeIgniter->run()
#14 {main}
CRITICAL - 2022-01-23 12:43:16 --> Object of class stdClass could not be converted to string
#0 [internal function]: CodeIgniter\Debug\Exceptions->errorHandler(4096, 'Object of class...', 'C:\\wamp64\\www\\g...', 318, Array)
#1 C:\wamp64\www\gestion_restaurant\system\Database\Query.php(318): strtr('INSERT INTO `el...', Array)
#2 C:\wamp64\www\gestion_restaurant\system\Database\Query.php(293): CodeIgniter\Database\Query->matchNamedBinds('INSERT INTO `el...', Array)
#3 C:\wamp64\www\gestion_restaurant\system\Database\Query.php(150): CodeIgniter\Database\Query->compileBinds()
#4 C:\wamp64\www\gestion_restaurant\system\Database\BaseConnection.php(598): CodeIgniter\Database\Query->getQuery()
#5 C:\wamp64\www\gestion_restaurant\system\Database\BaseBuilder.php(1771): CodeIgniter\Database\BaseConnection->query('INSERT INTO `el...', Array, false)
#6 C:\wamp64\www\gestion_restaurant\system\Model.php(239): CodeIgniter\Database\BaseBuilder->insert()
#7 C:\wamp64\www\gestion_restaurant\system\BaseModel.php(738): CodeIgniter\Model->doInsert(Array)
#8 C:\wamp64\www\gestion_restaurant\system\Model.php(625): CodeIgniter\BaseModel->insert(Array, true)
#9 C:\wamp64\www\gestion_restaurant\app\Controllers\Api\ElementNecessaire.php(40): CodeIgniter\Model->insert(Array)
#10 C:\wamp64\www\gestion_restaurant\system\CodeIgniter.php(825): App\Controllers\Api\ElementNecessaire->add_element_necessaire()
#11 C:\wamp64\www\gestion_restaurant\system\CodeIgniter.php(412): CodeIgniter\CodeIgniter->runController(Object(App\Controllers\Api\ElementNecessaire))
#12 C:\wamp64\www\gestion_restaurant\system\CodeIgniter.php(320): CodeIgniter\CodeIgniter->handleRequest(NULL, Object(Config\Cache), false)
#13 C:\wamp64\www\gestion_restaurant\public\index.php(37): CodeIgniter\CodeIgniter->run()
#14 {main}
